<?xml version="1.0" encoding="UTF-8"?>
<!-- Generated by org.testng.reporters.JUnitReportReporter -->
<testsuite skipped="0" hostname="ADMIN-PC" name="com.qa.opencart.Test.LoginPageTest" tests="3" failures="0" timestamp="2021-03-09T23:42:03 IST" time="89.002" errors="0">
  <testcase name="titleTest" time="0.834" classname="com.qa.opencart.Test.LoginPageTest"/>
  <system-out/>
  <testcase name="forgotPwdLinkTest" time="21.698" classname="com.qa.opencart.Test.LoginPageTest"/>
  <system-out/>
  <testcase name="LoginTest" time="66.470" classname="com.qa.opencart.Test.LoginPageTest"/>
  <system-out/>
</testsuite> <!-- com.qa.opencart.Test.LoginPageTest -->
