<?xml version="1.0" encoding="UTF-8"?>
<!-- Generated by org.testng.reporters.JUnitReportReporter -->
<testsuite skipped="1" hostname="ADMIN-PC" name="com.qa.opencart.Test.RegisterPageTest" tests="1" failures="0" timestamp="2021-03-06T19:58:59 IST" time="0.000" errors="0">
  <testcase name="userRegisterTest" time="0.000" classname="com.qa.opencart.Test.RegisterPageTest">
    <skipped/>
  </testcase> <!-- userRegisterTest -->
  <system-out/>
</testsuite> <!-- com.qa.opencart.Test.RegisterPageTest -->
