<?xml version="1.0" encoding="UTF-8"?>
<!-- Generated by org.testng.reporters.JUnitReportReporter -->
<testsuite skipped="0" hostname="ADMIN-PC" name="com.qa.opencart.Test.RegisterPageTest" tests="2" failures="0" timestamp="2021-03-14T18:39:32 IST" time="37.982" errors="0">
  <testcase name="userRegisterTest" time="20.507" classname="com.qa.opencart.Test.RegisterPageTest"/>
  <system-out/>
  <testcase name="userRegisterTest" time="17.475" classname="com.qa.opencart.Test.RegisterPageTest"/>
  <system-out/>
</testsuite> <!-- com.qa.opencart.Test.RegisterPageTest -->
