<?xml version="1.0" encoding="UTF-8"?>
<!-- Generated by org.testng.reporters.JUnitReportReporter -->
<testsuite hostname="BLRKEC334218L" failures="0" tests="3" name="com.qa.opencart.Test.LoginPageTest" time="3.370" errors="0" timestamp="03 Jul 2021 12:30:47 GMT" skipped="0">
  <testcase classname="com.qa.opencart.Test.LoginPageTest" name="titleTest" time="0.179"/>
  <testcase classname="com.qa.opencart.Test.LoginPageTest" name="forgotPwdLinkTest" time="0.113"/>
  <testcase classname="com.qa.opencart.Test.LoginPageTest" name="LoginTest" time="3.078"/>
</testsuite> <!-- com.qa.opencart.Test.LoginPageTest -->
