<?xml version="1.0" encoding="UTF-8"?>
<!-- Generated by org.testng.reporters.JUnitReportReporter -->
<testsuite skipped="0" hostname="ADMIN-PC" name="com.qa.opencart.Test.LoginPageTest" tests="3" failures="0" timestamp="2021-03-20T23:14:49 IST" time="20.813" errors="0">
  <testcase name="titleTest" time="2.571" classname="com.qa.opencart.Test.LoginPageTest"/>
  <system-out/>
  <testcase name="forgotPwdLinkTest" time="2.326" classname="com.qa.opencart.Test.LoginPageTest"/>
  <system-out/>
  <testcase name="LoginTest" time="15.916" classname="com.qa.opencart.Test.LoginPageTest"/>
  <system-out/>
</testsuite> <!-- com.qa.opencart.Test.LoginPageTest -->
